[debug] [2019-06-08T07:13:05.613Z] ----------------------------------------------------------------------
[debug] [2019-06-08T07:13:05.616Z] Command:       /usr/local/bin/node /usr/local/bin/firebase serve --only hosting
[debug] [2019-06-08T07:13:05.616Z] CLI Version:   6.11.0
[debug] [2019-06-08T07:13:05.616Z] Platform:      linux
[debug] [2019-06-08T07:13:05.616Z] Node Version:  v12.4.0
[debug] [2019-06-08T07:13:05.617Z] Time:          Sat Jun 08 2019 12:43:05 GMT+0530 (India Standard Time)
[debug] [2019-06-08T07:13:05.617Z] ----------------------------------------------------------------------
[debug] 
[debug] [2019-06-08T07:13:05.625Z] > command requires scopes: ["email","openid","https://www.googleapis.com/auth/cloudplatformprojects.readonly","https://www.googleapis.com/auth/firebase","https://www.googleapis.com/auth/cloud-platform"]
[debug] [2019-06-08T07:13:05.625Z] > authorizing via signed-in user
[debug] [2019-06-08T07:13:05.625Z] [iam] checking project quantiphi-workshop for permissions ["firebase.projects.get"]
[debug] [2019-06-08T07:13:05.627Z] > refreshing access token with scopes: ["email","https://www.googleapis.com/auth/cloud-platform","https://www.googleapis.com/auth/cloudplatformprojects.readonly","https://www.googleapis.com/auth/firebase","openid"]
[debug] [2019-06-08T07:13:05.627Z] >>> HTTP REQUEST POST https://www.googleapis.com/oauth2/v3/token  
 <request body omitted>
[debug] [2019-06-08T07:13:10.874Z] <<< HTTP RESPONSE 200
[debug] [2019-06-08T07:13:10.940Z] >>> HTTP REQUEST POST https://cloudresourcemanager.googleapis.com/v1/projects/quantiphi-workshop:testIamPermissions  

[debug] [2019-06-08T07:13:12.938Z] <<< HTTP RESPONSE 200
[debug] [2019-06-08T07:13:12.943Z] >>> HTTP REQUEST GET https://cloudresourcemanager.googleapis.com/v1/projects/quantiphi-workshop  
 
[debug] [2019-06-08T07:13:13.270Z] <<< HTTP RESPONSE 200
[debug] [2019-06-08T07:13:13.275Z] >>> HTTP REQUEST GET https://mobilesdk-pa.googleapis.com/v1/projects/249852798220/clients/_:getWebAppConfig  
 
[debug] [2019-06-08T07:13:14.212Z] <<< HTTP RESPONSE 200
[info] i  hosting: Serving hosting files from: ./public
[info] ✔  hosting: Local server: http://localhost:5000
[debug] [2019-06-08T09:01:30.675Z] ----------------------------------------------------------------------
[debug] [2019-06-08T09:01:30.677Z] Command:       /usr/local/bin/node /usr/local/bin/firebase serve --only hosting
[debug] [2019-06-08T09:01:30.678Z] CLI Version:   6.11.0
[debug] [2019-06-08T09:01:30.678Z] Platform:      linux
[debug] [2019-06-08T09:01:30.678Z] Node Version:  v12.4.0
[debug] [2019-06-08T09:01:30.678Z] Time:          Sat Jun 08 2019 14:31:30 GMT+0530 (India Standard Time)
[debug] [2019-06-08T09:01:30.678Z] ----------------------------------------------------------------------
[debug] 
[debug] [2019-06-08T09:01:30.774Z] > command requires scopes: ["email","openid","https://www.googleapis.com/auth/cloudplatformprojects.readonly","https://www.googleapis.com/auth/firebase","https://www.googleapis.com/auth/cloud-platform"]
[debug] [2019-06-08T09:01:30.775Z] > authorizing via signed-in user
[debug] [2019-06-08T09:01:30.775Z] [iam] checking project quantiphi-workshop for permissions ["firebase.projects.get"]
[debug] [2019-06-08T09:01:30.780Z] > refreshing access token with scopes: ["email","https://www.googleapis.com/auth/cloud-platform","https://www.googleapis.com/auth/cloudplatformprojects.readonly","https://www.googleapis.com/auth/firebase","openid"]
[debug] [2019-06-08T09:01:30.780Z] >>> HTTP REQUEST POST https://www.googleapis.com/oauth2/v3/token  
 <request body omitted>
[debug] [2019-06-08T09:01:31.125Z] <<< HTTP RESPONSE 200
[debug] [2019-06-08T09:01:31.215Z] >>> HTTP REQUEST POST https://cloudresourcemanager.googleapis.com/v1/projects/quantiphi-workshop:testIamPermissions  

[debug] [2019-06-08T09:01:33.085Z] <<< HTTP RESPONSE 200
[debug] [2019-06-08T09:01:33.092Z] >>> HTTP REQUEST GET https://cloudresourcemanager.googleapis.com/v1/projects/quantiphi-workshop  
 
[debug] [2019-06-08T09:01:34.673Z] <<< HTTP RESPONSE 200
[debug] [2019-06-08T09:01:34.674Z] >>> HTTP REQUEST GET https://mobilesdk-pa.googleapis.com/v1/projects/249852798220/clients/_:getWebAppConfig  
 
[debug] [2019-06-08T09:01:35.668Z] <<< HTTP RESPONSE 200
[info] i  hosting: Serving hosting files from: ./public
[info] ✔  hosting: Local server: http://localhost:5000
